<?xml version="1.0" encoding="UTF-8" standalone="no"?>
<svg
   xmlns:dc="http://purl.org/dc/elements/1.1/"
   xmlns:cc="http://creativecommons.org/ns#"
   xmlns:rdf="http://www.w3.org/1999/02/22-rdf-syntax-ns#"
   xmlns:svg="http://www.w3.org/2000/svg"
   xmlns="http://www.w3.org/2000/svg"
   xmlns:sodipodi="http://sodipodi.sourceforge.net/DTD/sodipodi-0.dtd"
   xmlns:inkscape="http://www.inkscape.org/namespaces/inkscape"
   width="1068.5115"
   height="313.57645"
   id="svg2"
   sodipodi:version="0.32"
   inkscape:version="1.0.2 (e86c870879, 2021-01-15)"
   version="1.0"
   sodipodi:docname="rede.svg"
   inkscape:output_extension="org.inkscape.output.svg.inkscape">
  <defs
     id="defs4">
    <inkscape:perspective
       sodipodi:type="inkscape:persp3d"
       inkscape:vp_x="0 : 291.22934 : 1"
       inkscape:vp_y="6.1230318e-14 : 1000 : 0"
       inkscape:vp_z="744.09448 : 291.22934 : 1"
       inkscape:persp3d-origin="372.04724 : 115.83564 : 1"
       id="perspective10" />
  </defs>
  <sodipodi:namedview
     id="base"
     pagecolor="#ffffff"
     bordercolor="#666666"
     borderopacity="1.0"
     gridtolerance="10000"
     guidetolerance="10"
     objecttolerance="10"
     inkscape:pageopacity="0.0"
     inkscape:pageshadow="2"
     inkscape:zoom="0.79978588"
     inkscape:cx="459.91323"
     inkscape:cy="276.90063"
     inkscape:document-units="px"
     inkscape:current-layer="layer1"
     showgrid="false"
     showguides="false"
     inkscape:guide-bbox="true"
     inkscape:window-width="1920"
     inkscape:window-height="1007"
     inkscape:window-x="0"
     inkscape:window-y="0"
     inkscape:document-rotation="0"
     fit-margin-top="0"
     fit-margin-left="0"
     fit-margin-right="0"
     fit-margin-bottom="0"
     inkscape:window-maximized="1">
    <sodipodi:guide
       orientation="-0.70710678,0.70710678"
       position="860,386.29767"
       id="guide2924" />
    <sodipodi:guide
       orientation="0,1"
       position="480,324.07545"
       id="guide2964" />
    <sodipodi:guide
       orientation="-0.70710678,0.70710678"
       position="395.55556,326.29767"
       id="guide3748" />
  </sodipodi:namedview>
  <metadata
     id="metadata7">
    <rdf:RDF>
      <cc:Work
         rdf:about="">
        <dc:format>image/svg+xml</dc:format>
        <dc:type
           rdf:resource="http://purl.org/dc/dcmitype/StillImage" />
        <dc:title></dc:title>
      </cc:Work>
    </rdf:RDF>
  </metadata>
  <g
     inkscape:label="Layer 1"
     inkscape:groupmode="layer"
     id="layer1"
     transform="translate(543.02191,-30.273204)">
    <path
       id="path3788"
       style="fill:none;fill-rule:evenodd;stroke:#9f9f9f;stroke-width:5.502;stroke-linecap:butt;stroke-linejoin:miter;stroke-miterlimit:4;stroke-dasharray:none;stroke-opacity:1"
       d="m 346.84115,264.4644 164.26929,-160.26929 -209.89169,0.71963 -448.15081,0.71964 -68.88886,68.88886"
       sodipodi:nodetypes="ccccc" />
    <path
       id="path3742"
       style="fill:none;fill-rule:evenodd;stroke:#0000ff;stroke-width:5.502;stroke-linecap:butt;stroke-linejoin:miter;stroke-miterlimit:4;stroke-dasharray:none;stroke-opacity:1"
       d="M 342.48658,256.01303 506.75587,95.743741 146.86418,96.463375 -151.28663,97.183009 -220.17549,166.07187"
       sodipodi:nodetypes="ccccc" />
    <g
       id="g3760"
       transform="translate(10.684803,-21.315197)">
      <path
         id="path2555"
         d="m 105.79548,60.930758 c -39.028024,0 -85.251296,15.043674 -109.4044053,34.72726 -0.1177746,-3.71e-4 -0.2357222,0 -0.3540025,0 -32.5118092,0 -71.8103932,14.066602 -87.7302382,31.398372 -8.506744,9.2612 -8.626334,17.59472 -1.929714,23.34329 -3.374973,2.32706 -6.334151,4.81023 -8.71067,7.39751 -11.8552,12.90666 -4.79983,23.38441 15.753612,23.38441 1.122249,0 2.272929,-0.0416 3.42617,-0.10277 0.592633,12.64673 20.057747,21.47338 52.0973,21.47338 18.622357,0 38.4676136,-2.99162 56.50921,-7.97288 7.497895,1.67476 16.794738,2.63023 27.591153,2.63023 36.996193,0 77.205465,-11.07588 89.738115,-24.72006 7.19192,-7.82981 3.69724,-14.80643 -7.56072,-19.3363 16.4953,-6.38532 31.0976,-15.12966 39.94445,-24.76115 16.95225,-18.45573 6.79027,-33.608036 -22.39658,-35.240975 9.01193,-18.446027 -9.61123,-32.220317 -46.97368,-32.220317 z"
         style="opacity:0.98;fill:#4d4d4d;fill-opacity:1;stroke:none;stroke-width:2.431;stroke-miterlimit:4;stroke-dasharray:7.293, 7.293;stroke-dashoffset:0;stroke-opacity:1" />
      <path
         id="path3365"
         d="m 101.11166,54.887806 c -39.028027,0 -85.251312,15.043685 -109.4044219,34.72725 -0.1177613,-3.71e-4 -0.2357155,0 -0.3540025,0 -32.5118026,0 -71.8103936,14.066594 -87.7302316,31.398384 -8.506744,9.26121 -8.626344,17.59473 -1.929714,23.34328 -3.37497,2.32707 -6.33414,4.81023 -8.71067,7.39752 -11.8552,12.90666 -4.79984,23.38441 15.753612,23.38441 1.122249,0 2.272935,-0.0416 3.426184,-0.10276 0.592626,12.64672 20.057746,21.47337 52.097292,21.47337 18.622351,0 38.467601,-2.99162 56.509211,-7.97289 7.497888,1.67478 16.794738,2.63023 27.591152,2.63023 36.996194,0 77.205459,-11.07588 89.738119,-24.72005 7.19191,-7.82981 3.69723,-14.80645 -7.56072,-19.3363 16.4953,-6.38532 31.0976,-15.12966 39.94444,-24.76116 16.95225,-18.45572 6.79027,-33.608038 -22.39659,-35.240967 9.01194,-18.446027 -9.61122,-32.220327 -46.97366,-32.220317 z"
         style="opacity:0.98;fill:#ffffff;fill-opacity:1;stroke:#000000;stroke-width:2.431;stroke-miterlimit:4;stroke-dasharray:7.293, 7.293;stroke-dashoffset:0;stroke-opacity:1" />
      <text
         id="text3300"
         y="142.03712"
         x="38.030811"
         style="font-style:normal;font-variant:normal;font-weight:normal;font-stretch:normal;line-height:0%;font-family:'Liberation Mono';-inkscape-font-specification:'Liberation Mono';text-align:center;writing-mode:lr-tb;text-anchor:middle;fill:#000000;fill-opacity:1;stroke:none;stroke-width:1px;stroke-linecap:butt;stroke-linejoin:miter;stroke-opacity:1"
         xml:space="preserve"><tspan
           id="tspan3314"
           y="142.03712"
           x="38.030811"
           sodipodi:role="line"
           style="font-size:32px;line-height:1.25">rede</tspan></text>
    </g>
    <g
       id="g2918"
       transform="translate(9.5392744,-353.33333)">
      <text
         id="text3289"
         y="690.54236"
         x="-385.12726"
         style="font-style:normal;font-variant:normal;font-weight:normal;font-stretch:normal;line-height:0%;font-family:'Liberation Mono';-inkscape-font-specification:'Liberation Mono';text-align:center;writing-mode:lr-tb;text-anchor:middle;fill:#000000;fill-opacity:1;stroke:none;stroke-width:1px;stroke-linecap:butt;stroke-linejoin:miter;stroke-opacity:1"
         xml:space="preserve"><tspan
           id="tspan2447"
           y="690.54236"
           x="-385.12726"
           sodipodi:role="line"
           style="font-size:32px;line-height:1.25">L: máquina local</tspan></text>
      <g
         transform="translate(-390.25976,50.312234)"
         id="g2904">
        <path
           style="fill:#4d4d4d;fill-opacity:1;fill-rule:evenodd;stroke:none;stroke-width:1px;stroke-linecap:butt;stroke-linejoin:miter;stroke-opacity:1"
           d="m -91.256922,542.48556 c 109.496883,0 218.336382,-6e-5 327.833212,-6e-5 -35.02366,35.02371 -39.63968,40.26266 -63.78027,64.40325 -109.49688,0 -218.993706,0 -328.49059,0 31.82222,-31.82222 27.4931,-27.45864 64.437648,-64.40319 z"
           id="path3820"
           sodipodi:nodetypes="ccccc" />
        <path
           style="fill:#999999;fill-rule:evenodd;stroke:none;stroke-width:1px;stroke-linecap:butt;stroke-linejoin:miter;stroke-opacity:1"
           d="m -97.863772,459.43328 c 109.496883,0 218.336382,-6e-5 327.833212,-6e-5 -35.02366,35.02371 -39.63968,40.26266 -63.78027,64.40325 -109.49688,0 -218.993706,0 -328.49059,0 31.82222,-31.82222 27.4931,-27.45864 64.437648,-64.40319 z"
           id="path2737"
           sodipodi:nodetypes="ccccc" />
        <path
           style="fill:#666666;fill-rule:evenodd;stroke:none;stroke-width:1px;stroke-linecap:butt;stroke-linejoin:miter;stroke-opacity:1"
           d="m 166.45824,523.47775 c 25.84927,-25.84927 36.3827,-36.91598 63.5112,-64.04453 0,71.73862 0,5.09736 0,76.83592 -19.76507,19.76507 -34.13595,32.97803 -63.5112,62.35322 0,-71.73856 0,-3.40599 0,-75.14461 z"
           id="path2739"
           sodipodi:nodetypes="ccccc" />
        <rect
           style="fill:#cccccc;fill-opacity:1;fill-rule:evenodd;stroke:none;stroke-width:1px;stroke-linecap:butt;stroke-linejoin:miter;stroke-opacity:1"
           id="rect2741"
           width="328.52069"
           height="75.558609"
           x="-161.93488"
           y="523.22217" />
        <rect
           style="fill:#ffffff;fill-opacity:1;stroke:#000000;stroke-width:0.976455;stroke-opacity:1"
           id="rect2743"
           width="83.348114"
           height="11.576127"
           x="67.375893"
           y="544.34338" />
        <path
           style="fill:#4d4d4d;fill-opacity:1;fill-rule:evenodd;stroke:none;stroke-width:1px;stroke-linecap:butt;stroke-linejoin:miter;stroke-opacity:1"
           d="m -39.914813,471.73978 c 64.167095,0 129.203271,0.31615 193.370363,0.31615 -20.19224,20.1923 -24.855,24.0246 -38.65054,37.82009 -64.167038,0 -128.334133,0 -192.50117,0 16.351424,-16.35142 22.711491,-23.06638 37.781347,-38.13624 z"
           id="path3818"
           sodipodi:nodetypes="ccccc" />
        <rect
           style="fill:#cccccc;fill-opacity:1;fill-rule:evenodd;stroke:none;stroke-width:1px;stroke-linecap:butt;stroke-linejoin:miter;stroke-opacity:1"
           id="rect2746"
           width="192.50122"
           height="131.12402"
           x="-83.780838"
           y="371.43054" />
        <path
           style="fill:#666666;fill-rule:evenodd;stroke:none;stroke-width:1px;stroke-linecap:butt;stroke-linejoin:miter;stroke-opacity:1"
           d="m 108.72029,371.43054 c 19.58811,-19.58805 17.7863,-16.95578 38.65055,-37.82009 0,43.70802 0,87.23719 0,130.94521 -21.82476,21.8247 -18.74406,18.09244 -38.65055,37.99893 0,-43.70802 0,-87.41603 0,-131.12405 z"
           id="path2748"
           sodipodi:nodetypes="ccccc" />
        <path
           style="fill:#999999;fill-rule:evenodd;stroke:none;stroke-width:1px;stroke-linecap:butt;stroke-linejoin:miter;stroke-opacity:1"
           d="m -45.999528,333.2943 c 64.167094,0 129.20327,0.31615 193.370368,0.31615 -20.19224,20.1923 -24.855,24.0246 -38.65055,37.82009 -64.167034,0 -128.334128,0 -192.501165,0 16.351423,-16.35142 22.711491,-23.06638 37.781347,-38.13624 z"
           id="path2750"
           sodipodi:nodetypes="ccccc" />
        <rect
           style="fill:#ffffff;fill-opacity:1;stroke:#000000;stroke-width:0.976455;stroke-opacity:1"
           id="rect2752"
           width="171.48749"
           height="112.4156"
           x="-72.923271"
           y="381.82898" />
        <rect
           style="fill:#00ff00;fill-opacity:1;stroke:none;stroke-width:6;stroke-miterlimit:4;stroke-dasharray:none;stroke-opacity:1"
           id="rect2758"
           width="22.425837"
           height="6.260747"
           x="-145.99187"
           y="534.07782" />
        <rect
           style="fill:#ff6600;fill-opacity:1;stroke:none;stroke-width:6;stroke-miterlimit:4;stroke-dasharray:none;stroke-opacity:1"
           id="rect2760"
           width="22.425837"
           height="6.260747"
           x="-145.99187"
           y="544.48425" />
        <text
           xml:space="preserve"
           style="font-style:normal;font-variant:normal;font-weight:normal;font-stretch:normal;line-height:0%;font-family:'DejaVu Sans Mono';-inkscape-font-specification:'DejaVu Sans Mono';text-align:start;writing-mode:lr-tb;text-anchor:start;fill:#000000;fill-opacity:1;stroke:none;stroke-width:1px;stroke-linecap:butt;stroke-linejoin:miter;stroke-opacity:1"
           x="-62.884853"
           y="413.91351"
           id="text3205"><tspan
             sodipodi:role="line"
             id="tspan3207"
             x="-62.884853"
             y="413.91351"
             style="font-size:22px;line-height:1.25">SEND M &gt; R</tspan><tspan
             id="tspan3559"
             sodipodi:role="line"
             x="-62.884853"
             y="441.41351"
             style="font-size:22px;line-height:1.25">RECV &lt; R</tspan><tspan
             id="tspan3561"
             sodipodi:role="line"
             x="-62.884853"
             y="468.91351"
             style="font-size:22px;line-height:1.25">...</tspan></text>
      </g>
    </g>
    <g
       id="g904"
       transform="translate(272.93995,-227.03566)">
      <text
         id="text3283"
         y="564.24469"
         x="22.7707"
         style="font-style:normal;font-variant:normal;font-weight:normal;font-stretch:normal;line-height:0%;font-family:'Liberation Mono';-inkscape-font-specification:'Liberation Mono';text-align:center;writing-mode:lr-tb;text-anchor:middle;fill:#000000;fill-opacity:1;stroke:none;stroke-width:1px;stroke-linecap:butt;stroke-linejoin:miter;stroke-opacity:1"
         xml:space="preserve"><tspan
           id="tspan2449"
           y="564.24469"
           x="22.7707"
           sodipodi:role="line"
           style="font-size:32px;line-height:1.25">R: máquina remota</tspan></text>
      <g
         transform="translate(-877.40883,240.83914)"
         id="g3066">
        <path
           style="fill:#4d4d4d;fill-opacity:1;fill-rule:evenodd;stroke:none;stroke-width:1px;stroke-linecap:butt;stroke-linejoin:miter;stroke-opacity:1"
           d="m 802.12518,225.66096 c 109.49688,0 218.33642,-6e-5 327.83322,-6e-5 -35.0237,35.02371 -39.6397,40.26266 -63.7803,64.40325 -109.49686,0 -218.99369,0 -328.49057,0 31.82222,-31.82222 27.4931,-27.45864 64.43765,-64.40319 z"
           id="path2813"
           sodipodi:nodetypes="ccccc" />
        <path
           style="fill:#999999;fill-rule:evenodd;stroke:none;stroke-width:1px;stroke-linecap:butt;stroke-linejoin:miter;stroke-opacity:1"
           d="m 795.51833,142.60868 c 109.49688,0 218.33637,-6e-5 327.83317,-6e-5 -35.0236,35.02371 -39.6396,40.26266 -63.7802,64.40325 -109.49691,0 -218.99374,0 -328.49062,0 31.82222,-31.82222 27.4931,-27.45864 64.43765,-64.40319 z"
           id="path2815"
           sodipodi:nodetypes="ccccc" />
        <path
           style="fill:#666666;fill-rule:evenodd;stroke:none;stroke-width:1px;stroke-linecap:butt;stroke-linejoin:miter;stroke-opacity:1"
           d="m 1059.8403,206.65315 c 25.8493,-25.84927 36.3827,-36.91598 63.5112,-64.04453 0,71.73862 0,5.09736 0,76.83592 -19.765,19.76507 -34.1359,32.97803 -63.5112,62.35322 0,-71.73856 0,-3.40599 0,-75.14461 z"
           id="path2817"
           sodipodi:nodetypes="ccccc" />
        <rect
           style="fill:#cccccc;fill-opacity:1;fill-rule:evenodd;stroke:none;stroke-width:1px;stroke-linecap:butt;stroke-linejoin:miter;stroke-opacity:1"
           id="rect2819"
           width="328.52069"
           height="75.558609"
           x="731.4472"
           y="206.39755" />
        <rect
           style="fill:#ffffff;fill-opacity:1;stroke:#000000;stroke-width:0.976455;stroke-opacity:1"
           id="rect2821"
           width="83.348114"
           height="11.576127"
           x="960.758"
           y="227.51877" />
        <rect
           style="fill:#00ff00;fill-opacity:1;stroke:none;stroke-width:6;stroke-miterlimit:4;stroke-dasharray:none;stroke-opacity:1"
           id="rect2837"
           width="22.425837"
           height="6.260747"
           x="747.39026"
           y="217.2532" />
        <rect
           style="fill:#ff6600;fill-opacity:1;stroke:none;stroke-width:6;stroke-miterlimit:4;stroke-dasharray:none;stroke-opacity:1"
           id="rect2839"
           width="22.425837"
           height="6.260747"
           x="747.39026"
           y="227.65965" />
      </g>
    </g>
  </g>
</svg>
